c:\users\lenovo\рабочий стол\тп-3 семестр\lab_3\lab3_ukleiko_version_1\lab3_ukleiko_version_1\debug\vc142.pdb
c:\users\lenovo\рабочий стол\тп-3 семестр\lab_3\lab3_ukleiko_version_1\lab3_ukleiko_version_1\debug\vc142.idb
c:\users\lenovo\рабочий стол\тп-3 семестр\lab_3\lab3_ukleiko_version_1\lab3_ukleiko_version_1\debug\validator.obj
c:\users\lenovo\рабочий стол\тп-3 семестр\lab_3\lab3_ukleiko_version_1\lab3_ukleiko_version_1\debug\transportinfo.obj
c:\users\lenovo\рабочий стол\тп-3 семестр\lab_3\lab3_ukleiko_version_1\lab3_ukleiko_version_1\debug\trainfactory.obj
c:\users\lenovo\рабочий стол\тп-3 семестр\lab_3\lab3_ukleiko_version_1\lab3_ukleiko_version_1\debug\train.obj
c:\users\lenovo\рабочий стол\тп-3 семестр\lab_3\lab3_ukleiko_version_1\lab3_ukleiko_version_1\debug\time.obj
c:\users\lenovo\рабочий стол\тп-3 семестр\lab_3\lab3_ukleiko_version_1\lab3_ukleiko_version_1\debug\source.obj
c:\users\lenovo\рабочий стол\тп-3 семестр\lab_3\lab3_ukleiko_version_1\lab3_ukleiko_version_1\debug\processortrainarray.obj
c:\users\lenovo\рабочий стол\тп-3 семестр\lab_3\lab3_ukleiko_version_1\lab3_ukleiko_version_1\debug\itransportinfo.obj
c:\users\lenovo\рабочий стол\тп-3 семестр\lab_3\lab3_ukleiko_version_1\lab3_ukleiko_version_1\debug\itrain.obj
c:\users\lenovo\рабочий стол\тп-3 семестр\lab_3\lab3_ukleiko_version_1\lab3_ukleiko_version_1\debug\itime.obj
c:\users\lenovo\рабочий стол\тп-3 семестр\lab_3\lab3_ukleiko_version_1\lab3_ukleiko_version_1\debug\ihour.obj
c:\users\lenovo\рабочий стол\тп-3 семестр\lab_3\lab3_ukleiko_version_1\lab3_ukleiko_version_1\debug\idate.obj
c:\users\lenovo\рабочий стол\тп-3 семестр\lab_3\lab3_ukleiko_version_1\lab3_ukleiko_version_1\debug\hour.obj
c:\users\lenovo\рабочий стол\тп-3 семестр\lab_3\lab3_ukleiko_version_1\lab3_ukleiko_version_1\debug\exceptions.obj
c:\users\lenovo\рабочий стол\тп-3 семестр\lab_3\lab3_ukleiko_version_1\lab3_ukleiko_version_1\debug\date.obj
c:\users\lenovo\рабочий стол\тп-3 семестр\lab_3\lab3_ukleiko_version_1\lab3_ukleiko_version_1\debug\lab3_ukleiko_version_1.ilk
c:\users\lenovo\рабочий стол\тп-3 семестр\lab_3\lab3_ukleiko_version_1\debug\lab3_ukleiko_version_1.exe
c:\users\lenovo\рабочий стол\тп-3 семестр\lab_3\lab3_ukleiko_version_1\debug\lab3_ukleiko_version_1.pdb
c:\users\lenovo\рабочий стол\тп-3 семестр\lab_3\lab3_ukleiko_version_1\lab3_ukleiko_version_1\debug\lab3_ukl.f5f518e3.tlog\cl.command.1.tlog
c:\users\lenovo\рабочий стол\тп-3 семестр\lab_3\lab3_ukleiko_version_1\lab3_ukleiko_version_1\debug\lab3_ukl.f5f518e3.tlog\cl.read.1.tlog
c:\users\lenovo\рабочий стол\тп-3 семестр\lab_3\lab3_ukleiko_version_1\lab3_ukleiko_version_1\debug\lab3_ukl.f5f518e3.tlog\cl.write.1.tlog
c:\users\lenovo\рабочий стол\тп-3 семестр\lab_3\lab3_ukleiko_version_1\lab3_ukleiko_version_1\debug\lab3_ukl.f5f518e3.tlog\link.command.1.tlog
c:\users\lenovo\рабочий стол\тп-3 семестр\lab_3\lab3_ukleiko_version_1\lab3_ukleiko_version_1\debug\lab3_ukl.f5f518e3.tlog\link.read.1.tlog
c:\users\lenovo\рабочий стол\тп-3 семестр\lab_3\lab3_ukleiko_version_1\lab3_ukleiko_version_1\debug\lab3_ukl.f5f518e3.tlog\link.write.1.tlog
