c:\users\lenovo\рабочий стол\тп-3 семестр\lab3_ukleiko_version_1\lab3_ukleiko_version_1\x64\debug\vc143.pdb
c:\users\lenovo\рабочий стол\тп-3 семестр\lab3_ukleiko_version_1\lab3_ukleiko_version_1\x64\debug\vc143.idb
c:\users\lenovo\рабочий стол\тп-3 семестр\lab3_ukleiko_version_1\lab3_ukleiko_version_1\x64\debug\validator.obj
c:\users\lenovo\рабочий стол\тп-3 семестр\lab3_ukleiko_version_1\lab3_ukleiko_version_1\x64\debug\transportinfo.obj
c:\users\lenovo\рабочий стол\тп-3 семестр\lab3_ukleiko_version_1\lab3_ukleiko_version_1\x64\debug\trainfactory.obj
c:\users\lenovo\рабочий стол\тп-3 семестр\lab3_ukleiko_version_1\lab3_ukleiko_version_1\x64\debug\time.obj
c:\users\lenovo\рабочий стол\тп-3 семестр\lab3_ukleiko_version_1\lab3_ukleiko_version_1\x64\debug\source.obj
c:\users\lenovo\рабочий стол\тп-3 семестр\lab3_ukleiko_version_1\lab3_ukleiko_version_1\x64\debug\itransportinfo.obj
c:\users\lenovo\рабочий стол\тп-3 семестр\lab3_ukleiko_version_1\lab3_ukleiko_version_1\x64\debug\itime.obj
c:\users\lenovo\рабочий стол\тп-3 семестр\lab3_ukleiko_version_1\lab3_ukleiko_version_1\x64\debug\idate.obj
c:\users\lenovo\рабочий стол\тп-3 семестр\lab3_ukleiko_version_1\lab3_ukleiko_version_1\x64\debug\exceptions.obj
c:\users\lenovo\рабочий стол\тп-3 семестр\lab3_ukleiko_version_1\lab3_ukleiko_version_1\x64\debug\date.obj
c:\users\lenovo\рабочий стол\тп-3 семестр\lab3_ukleiko_version_1\lab3_ukleiko_version_1\x64\debug\train.obj
c:\users\lenovo\рабочий стол\тп-3 семестр\lab3_ukleiko_version_1\lab3_ukleiko_version_1\x64\debug\processortrainarray.obj
c:\users\lenovo\рабочий стол\тп-3 семестр\lab3_ukleiko_version_1\lab3_ukleiko_version_1\x64\debug\itrain.obj
c:\users\lenovo\рабочий стол\тп-3 семестр\lab3_ukleiko_version_1\x64\debug\lab3_ukleiko_version_1.exe
c:\users\lenovo\рабочий стол\тп-3 семестр\lab3_ukleiko_version_1\lab3_ukleiko_version_1\x64\debug\lab3_ukleiko_version_1.ilk
c:\users\lenovo\рабочий стол\тп-3 семестр\lab3_ukleiko_version_1\x64\debug\lab3_ukleiko_version_1.pdb
c:\users\lenovo\рабочий стол\тп-3 семестр\lab3_ukleiko_version_1\lab3_ukleiko_version_1\x64\debug\hour.obj
c:\users\lenovo\рабочий стол\тп-3 семестр\lab3_ukleiko_version_1\lab3_ukleiko_version_1\x64\debug\lab3_ukl.f5f518e3.tlog\cl.command.1.tlog
c:\users\lenovo\рабочий стол\тп-3 семестр\lab3_ukleiko_version_1\lab3_ukleiko_version_1\x64\debug\lab3_ukl.f5f518e3.tlog\cl.read.1.tlog
c:\users\lenovo\рабочий стол\тп-3 семестр\lab3_ukleiko_version_1\lab3_ukleiko_version_1\x64\debug\lab3_ukl.f5f518e3.tlog\cl.write.1.tlog
c:\users\lenovo\рабочий стол\тп-3 семестр\lab3_ukleiko_version_1\lab3_ukleiko_version_1\x64\debug\lab3_ukl.f5f518e3.tlog\link.command.1.tlog
c:\users\lenovo\рабочий стол\тп-3 семестр\lab3_ukleiko_version_1\lab3_ukleiko_version_1\x64\debug\lab3_ukl.f5f518e3.tlog\link.read.1.tlog
c:\users\lenovo\рабочий стол\тп-3 семестр\lab3_ukleiko_version_1\lab3_ukleiko_version_1\x64\debug\lab3_ukl.f5f518e3.tlog\link.write.1.tlog
